Analysis & Synthesis report for single_cycle_CPU
Mon May 08 12:18:25 2017
Quartus II 64-Bit Version 13.0.1 Build 232 06/12/2013 Service Pack 1 SJ Web Edition


---------------------
; Table of Contents ;
---------------------
  1. Legal Notice
  2. Analysis & Synthesis Summary
  3. Analysis & Synthesis Settings
  4. Parallel Compilation
  5. Analysis & Synthesis Messages



----------------
; Legal Notice ;
----------------
Copyright (C) 1991-2013 Altera Corporation
Your use of Altera Corporation's design tools, logic functions 
and other software and tools, and its AMPP partner logic 
functions, and any output files from any of the foregoing 
(including device programming or simulation files), and any 
associated documentation or information are expressly subject 
to the terms and conditions of the Altera Program License 
Subscription Agreement, Altera MegaCore Function License 
Agreement, or other applicable license agreement, including, 
without limitation, that your use is for the sole purpose of 
programming logic devices manufactured by Altera and sold by 
Altera or its authorized distributors.  Please refer to the 
applicable agreement for further details.



+--------------------------------------------------------------------------------------+
; Analysis & Synthesis Summary                                                         ;
+------------------------------------+-------------------------------------------------+
; Analysis & Synthesis Status        ; Failed - Mon May 08 12:18:25 2017               ;
; Quartus II 64-Bit Version          ; 13.0.1 Build 232 06/12/2013 SP 1 SJ Web Edition ;
; Revision Name                      ; single_cycle_CPU                                ;
; Top-level Entity Name              ; AlvarezPajaro_singleCycleCPUTest                ;
; Family                             ; Cyclone II                                      ;
; Total logic elements               ; N/A until Partition Merge                       ;
;     Total combinational functions  ; N/A until Partition Merge                       ;
;     Dedicated logic registers      ; N/A until Partition Merge                       ;
; Total registers                    ; N/A until Partition Merge                       ;
; Total pins                         ; N/A until Partition Merge                       ;
; Total virtual pins                 ; N/A until Partition Merge                       ;
; Total memory bits                  ; N/A until Partition Merge                       ;
; Embedded Multiplier 9-bit elements ; N/A until Partition Merge                       ;
; Total PLLs                         ; N/A until Partition Merge                       ;
+------------------------------------+-------------------------------------------------+


+------------------------------------------------------------------------------------------------------------------------------------+
; Analysis & Synthesis Settings                                                                                                      ;
+----------------------------------------------------------------------------+----------------------------------+--------------------+
; Option                                                                     ; Setting                          ; Default Value      ;
+----------------------------------------------------------------------------+----------------------------------+--------------------+
; Device                                                                     ; EP2C35F672C6                     ;                    ;
; Top-level entity name                                                      ; AlvarezPajaro_singleCycleCPUTest ; single_cycle_CPU   ;
; Family name                                                                ; Cyclone II                       ; Cyclone IV GX      ;
; Use smart compilation                                                      ; Off                              ; Off                ;
; Enable parallel Assembler and TimeQuest Timing Analyzer during compilation ; On                               ; On                 ;
; Enable compact report table                                                ; Off                              ; Off                ;
; Restructure Multiplexers                                                   ; Auto                             ; Auto               ;
; Create Debugging Nodes for IP Cores                                        ; Off                              ; Off                ;
; Preserve fewer node names                                                  ; On                               ; On                 ;
; Disable OpenCore Plus hardware evaluation                                  ; Off                              ; Off                ;
; Verilog Version                                                            ; Verilog_2001                     ; Verilog_2001       ;
; VHDL Version                                                               ; VHDL_1993                        ; VHDL_1993          ;
; State Machine Processing                                                   ; Auto                             ; Auto               ;
; Safe State Machine                                                         ; Off                              ; Off                ;
; Extract Verilog State Machines                                             ; On                               ; On                 ;
; Extract VHDL State Machines                                                ; On                               ; On                 ;
; Ignore Verilog initial constructs                                          ; Off                              ; Off                ;
; Iteration limit for constant Verilog loops                                 ; 5000                             ; 5000               ;
; Iteration limit for non-constant Verilog loops                             ; 250                              ; 250                ;
; Add Pass-Through Logic to Inferred RAMs                                    ; On                               ; On                 ;
; Infer RAMs from Raw Logic                                                  ; On                               ; On                 ;
; Parallel Synthesis                                                         ; On                               ; On                 ;
; DSP Block Balancing                                                        ; Auto                             ; Auto               ;
; NOT Gate Push-Back                                                         ; On                               ; On                 ;
; Power-Up Don't Care                                                        ; On                               ; On                 ;
; Remove Redundant Logic Cells                                               ; Off                              ; Off                ;
; Remove Duplicate Registers                                                 ; On                               ; On                 ;
; Ignore CARRY Buffers                                                       ; Off                              ; Off                ;
; Ignore CASCADE Buffers                                                     ; Off                              ; Off                ;
; Ignore GLOBAL Buffers                                                      ; Off                              ; Off                ;
; Ignore ROW GLOBAL Buffers                                                  ; Off                              ; Off                ;
; Ignore LCELL Buffers                                                       ; Off                              ; Off                ;
; Ignore SOFT Buffers                                                        ; On                               ; On                 ;
; Limit AHDL Integers to 32 Bits                                             ; Off                              ; Off                ;
; Optimization Technique                                                     ; Balanced                         ; Balanced           ;
; Carry Chain Length                                                         ; 70                               ; 70                 ;
; Auto Carry Chains                                                          ; On                               ; On                 ;
; Auto Open-Drain Pins                                                       ; On                               ; On                 ;
; Perform WYSIWYG Primitive Resynthesis                                      ; Off                              ; Off                ;
; Auto ROM Replacement                                                       ; On                               ; On                 ;
; Auto RAM Replacement                                                       ; On                               ; On                 ;
; Auto Shift Register Replacement                                            ; Auto                             ; Auto               ;
; Allow Shift Register Merging across Hierarchies                            ; Auto                             ; Auto               ;
; Auto Clock Enable Replacement                                              ; On                               ; On                 ;
; Strict RAM Replacement                                                     ; Off                              ; Off                ;
; Allow Synchronous Control Signals                                          ; On                               ; On                 ;
; Force Use of Synchronous Clear Signals                                     ; Off                              ; Off                ;
; Auto RAM to Logic Cell Conversion                                          ; Off                              ; Off                ;
; Auto Resource Sharing                                                      ; Off                              ; Off                ;
; Allow Any RAM Size For Recognition                                         ; Off                              ; Off                ;
; Allow Any ROM Size For Recognition                                         ; Off                              ; Off                ;
; Allow Any Shift Register Size For Recognition                              ; Off                              ; Off                ;
; Use LogicLock Constraints during Resource Balancing                        ; On                               ; On                 ;
; Ignore translate_off and synthesis_off directives                          ; Off                              ; Off                ;
; Timing-Driven Synthesis                                                    ; Off                              ; Off                ;
; Report Parameter Settings                                                  ; On                               ; On                 ;
; Report Source Assignments                                                  ; On                               ; On                 ;
; Report Connectivity Checks                                                 ; On                               ; On                 ;
; Ignore Maximum Fan-Out Assignments                                         ; Off                              ; Off                ;
; Synchronization Register Chain Length                                      ; 2                                ; 2                  ;
; PowerPlay Power Optimization                                               ; Normal compilation               ; Normal compilation ;
; HDL message level                                                          ; Level2                           ; Level2             ;
; Suppress Register Optimization Related Messages                            ; Off                              ; Off                ;
; Number of Removed Registers Reported in Synthesis Report                   ; 5000                             ; 5000               ;
; Number of Swept Nodes Reported in Synthesis Report                         ; 5000                             ; 5000               ;
; Number of Inverted Registers Reported in Synthesis Report                  ; 100                              ; 100                ;
; Clock MUX Protection                                                       ; On                               ; On                 ;
; Auto Gated Clock Conversion                                                ; Off                              ; Off                ;
; Block Design Naming                                                        ; Auto                             ; Auto               ;
; SDC constraint protection                                                  ; Off                              ; Off                ;
; Synthesis Effort                                                           ; Auto                             ; Auto               ;
; Shift Register Replacement - Allow Asynchronous Clear Signal               ; On                               ; On                 ;
; Pre-Mapping Resynthesis Optimization                                       ; Off                              ; Off                ;
; Analysis & Synthesis Message Level                                         ; Medium                           ; Medium             ;
; Disable Register Merging Across Hierarchies                                ; Auto                             ; Auto               ;
; Resource Aware Inference For Block RAM                                     ; On                               ; On                 ;
; Synthesis Seed                                                             ; 1                                ; 1                  ;
+----------------------------------------------------------------------------+----------------------------------+--------------------+


Parallel compilation was disabled, but you have multiple processors available. Enable parallel compilation to reduce compilation time.
+-------------------------------------+
; Parallel Compilation                ;
+----------------------------+--------+
; Processors                 ; Number ;
+----------------------------+--------+
; Number detected on machine ; 4      ;
; Maximum allowed            ; 1      ;
+----------------------------+--------+


+-------------------------------+
; Analysis & Synthesis Messages ;
+-------------------------------+
Info: *******************************************************************
Info: Running Quartus II 64-Bit Analysis & Synthesis
    Info: Version 13.0.1 Build 232 06/12/2013 Service Pack 1 SJ Web Edition
    Info: Processing started: Mon May 08 12:18:19 2017
Info: Command: quartus_map --read_settings_files=on --write_settings_files=off single_cycle_CPU -c single_cycle_CPU
Warning (20028): Parallel compilation is not licensed and has been disabled
Info (12021): Found 2 design units, including 1 entities, in source file /users/vical/desktop/computer_organization_labs/lab8/demultiplexer/alvarezpajaro_32bit1to2demultiplexer.vhd
    Info (12022): Found design unit 1: AlvarezPajaro_32bit1to2Demultiplexer-behavior
    Info (12023): Found entity 1: AlvarezPajaro_32bit1to2Demultiplexer
Info (12021): Found 2 design units, including 1 entities, in source file /users/vical/desktop/computer_organization_labs/lab8/single_cycle_cpu/alvarezpajaro_singlecyclecputest.vhd
    Info (12022): Found design unit 1: AlvarezPajaro_singleCycleCPUTest-structure
    Info (12023): Found entity 1: AlvarezPajaro_singleCycleCPUTest
Info (12021): Found 2 design units, including 1 entities, in source file /users/vical/desktop/computer_organization_labs/lab4/fulladders/fulladdergp/alvarezpajaro_fulladdergp.vhd
    Info (12022): Found design unit 1: AlvarezPajaro_fullAdderGP-behavior
    Info (12023): Found entity 1: AlvarezPajaro_fullAdderGP
Info (12021): Found 2 design units, including 0 entities, in source file /users/vical/desktop/computer_organization_labs/packages/alvarezpajaro_addersubtractor.vhd
    Info (12022): Found design unit 1: AlvarezPajaro_AdderSubtractor
    Info (12022): Found design unit 2: AlvarezPajaro_AdderSubtractor-body
Info (12021): Found 2 design units, including 1 entities, in source file /users/vical/desktop/computer_organization_labs/lab8/adder_subtractor/alvarezpajaro_32bitcarrylookaheadaddersubtractor.vhd
    Info (12022): Found design unit 1: AlvarezPajaro_32bitCarrylookaheadAdderSubtractor-structure
    Info (12023): Found entity 1: AlvarezPajaro_32bitCarrylookaheadAdderSubtractor
Info (12021): Found 2 design units, including 1 entities, in source file /users/vical/desktop/computer_organization_labs/lab8/alu/alvarezpajaro_alu.vhd
    Info (12022): Found design unit 1: AlvarezPajaro_ALU-structure
    Info (12023): Found entity 1: AlvarezPajaro_ALU
Info (12021): Found 2 design units, including 1 entities, in source file /users/vical/desktop/computer_organization_labs/lab8/alu_control/alvarezpajaro_alucontrol.vhd
    Info (12022): Found design unit 1: AlvarezPajaro_ALUcontrol-behavior
    Info (12023): Found entity 1: AlvarezPajaro_ALUcontrol
Info (12021): Found 2 design units, including 1 entities, in source file /users/vical/desktop/computer_organization_labs/lab8/clock/alvarezpajaro_1hzclock2.vhd
    Info (12022): Found design unit 1: AlvarezPajaro_1HzClock2-behavior
    Info (12023): Found entity 1: AlvarezPajaro_1HzClock2
Info (12021): Found 2 design units, including 1 entities, in source file /users/vical/desktop/computer_organization_labs/lab8/control/alvarezpajaro_control.vhd
    Info (12022): Found design unit 1: AlvarezPajaro_control-behavior
    Info (12023): Found entity 1: AlvarezPajaro_control
Info (12021): Found 2 design units, including 1 entities, in source file /users/vical/desktop/computer_organization_labs/lab8/data_memory/alvarezpajaro_256x8datamemory.vhd
    Info (12022): Found design unit 1: AlvarezPajaro_256x8DataMemory-behavior
    Info (12023): Found entity 1: AlvarezPajaro_256x8DataMemory
Info (12021): Found 2 design units, including 1 entities, in source file /users/vical/desktop/computer_organization_labs/lab8/display_decoder/alvarezpajaro_hexadecimaldisplaydecoder.vhd
    Info (12022): Found design unit 1: AlvarezPajaro_hexadecimalDisplayDecoder-behavior
    Info (12023): Found entity 1: AlvarezPajaro_hexadecimalDisplayDecoder
Info (12021): Found 2 design units, including 1 entities, in source file /users/vical/desktop/computer_organization_labs/lab8/instruction_memory/alvarezpajaro_128x8instructionmemory.vhd
    Info (12022): Found design unit 1: AlvarezPajaro_128x8InstructionMemory-behavior
    Info (12023): Found entity 1: AlvarezPajaro_128x8InstructionMemory
Info (12021): Found 2 design units, including 1 entities, in source file /users/vical/desktop/computer_organization_labs/lab8/multiplexer/alvarezpajaro_32bit2to1multiplexer.vhd
    Info (12022): Found design unit 1: AlvarezPajaro_32bit2to1Multiplexer-behavior
    Info (12023): Found entity 1: AlvarezPajaro_32bit2to1Multiplexer
Info (12021): Found 2 design units, including 1 entities, in source file /users/vical/desktop/computer_organization_labs/lab8/multiplexer/alvarezpajaro_5bit2to1multiplexer.vhd
    Info (12022): Found design unit 1: AlvarezPajaro_5bit2to1Multiplexer-behavior
    Info (12023): Found entity 1: AlvarezPajaro_5bit2to1Multiplexer
Info (12021): Found 2 design units, including 1 entities, in source file /users/vical/desktop/computer_organization_labs/lab8/program_counter/alvarezpajaro_programcounter.vhd
    Info (12022): Found design unit 1: AlvarezPajaro_programCounter-structure
    Info (12023): Found entity 1: AlvarezPajaro_programCounter
Info (12021): Found 2 design units, including 1 entities, in source file /users/vical/desktop/computer_organization_labs/lab8/register_file/alvarezpajaro_3portregisterfile3.vhd
    Info (12022): Found design unit 1: AlvarezPajaro_3PortRegisterFile3-behavior
    Info (12023): Found entity 1: AlvarezPajaro_3PortRegisterFile3
Info (12021): Found 2 design units, including 1 entities, in source file /users/vical/desktop/computer_organization_labs/lab8/shift_register/alvarezpajaro_shiftregister2.vhd
    Info (12022): Found design unit 1: AlvarezPajaro_shiftRegister2-behavior
    Info (12023): Found entity 1: AlvarezPajaro_shiftRegister2
Info (12021): Found 2 design units, including 1 entities, in source file /users/vical/desktop/computer_organization_labs/lab8/single_cycle_cpu/alvarezpajaro_singlecyclecpu.vhd
    Info (12022): Found design unit 1: AlvarezPajaro_singleCycleCPU-structure
    Info (12023): Found entity 1: AlvarezPajaro_singleCycleCPU
Info (12021): Found 1 design units, including 0 entities, in source file /users/vical/desktop/computer_organization_labs/lab8/alvarezpajaro_singlecycle.vhd
    Info (12022): Found design unit 1: AlvarezPajaro_singleCycle
Error (10476): VHDL error at AlvarezPajaro_128x8InstructionMemory.vhd(20): type of identifier "memory" does not agree with its usage as "signal" type File: C:/Users/vical/Desktop/computer_organization_labs/lab8/instruction_memory/AlvarezPajaro_128x8InstructionMemory.vhd Line: 20
Error: Quartus II 64-Bit Analysis & Synthesis was unsuccessful. 1 error, 1 warning
    Error: Peak virtual memory: 497 megabytes
    Error: Processing ended: Mon May 08 12:18:27 2017
    Error: Elapsed time: 00:00:08
    Error: Total CPU time (on all processors): 00:00:07


