Flow report for single_cycle_CPU
Sun May 07 19:37:44 2017
Quartus II 64-Bit Version 13.0.1 Build 232 06/12/2013 Service Pack 1 SJ Web Edition


---------------------
; Table of Contents ;
---------------------
  1. Legal Notice
  2. Flow Summary
  3. Flow Settings
  4. Flow Non-Default Global Settings
  5. Flow Elapsed Time
  6. Flow OS Summary
  7. Flow Log
  8. Flow Messages
  9. Flow Suppressed Messages



----------------
; Legal Notice ;
----------------
Copyright (C) 1991-2013 Altera Corporation
Your use of Altera Corporation's design tools, logic functions 
and other software and tools, and its AMPP partner logic 
functions, and any output files from any of the foregoing 
(including device programming or simulation files), and any 
associated documentation or information are expressly subject 
to the terms and conditions of the Altera Program License 
Subscription Agreement, Altera MegaCore Function License 
Agreement, or other applicable license agreement, including, 
without limitation, that your use is for the sole purpose of 
programming logic devices manufactured by Altera and sold by 
Altera or its authorized distributors.  Please refer to the 
applicable agreement for further details.



+--------------------------------------------------------------------------------------+
; Flow Summary                                                                         ;
+------------------------------------+-------------------------------------------------+
; Flow Status                        ; Successful - Sun May 07 19:36:28 2017           ;
; Quartus II 64-Bit Version          ; 13.0.1 Build 232 06/12/2013 SP 1 SJ Web Edition ;
; Revision Name                      ; single_cycle_CPU                                ;
; Top-level Entity Name              ; AlvarezPajaro_singleCycleCPU                    ;
; Family                             ; Cyclone II                                      ;
; Device                             ; EP2C35F672C6                                    ;
; Timing Models                      ; Final                                           ;
; Total logic elements               ; 8,334 / 33,216 ( 25 % )                         ;
;     Total combinational functions  ; 6,808 / 33,216 ( 20 % )                         ;
;     Dedicated logic registers      ; 3,036 / 33,216 ( 9 % )                          ;
; Total registers                    ; 3036                                            ;
; Total pins                         ; 101 / 475 ( 21 % )                              ;
; Total virtual pins                 ; 0                                               ;
; Total memory bits                  ; 0 / 483,840 ( 0 % )                             ;
; Embedded Multiplier 9-bit elements ; 8 / 70 ( 11 % )                                 ;
; Total PLLs                         ; 0 / 4 ( 0 % )                                   ;
+------------------------------------+-------------------------------------------------+


+-----------------------------------------+
; Flow Settings                           ;
+-------------------+---------------------+
; Option            ; Setting             ;
+-------------------+---------------------+
; Start date & time ; 05/07/2017 19:10:57 ;
; Main task         ; Compilation         ;
; Revision Name     ; single_cycle_CPU    ;
+-------------------+---------------------+


+--------------------------------------------------------------------------------------------------------------------------------------------+
; Flow Non-Default Global Settings                                                                                                           ;
+-------------------------------------+---------------------------------------+------------------+------------------------------+------------+
; Assignment Name                     ; Value                                 ; Default Value    ; Entity Name                  ; Section Id ;
+-------------------------------------+---------------------------------------+------------------+------------------------------+------------+
; COMPILER_SIGNATURE_ID               ; 141726673717979.149419865307068       ; --               ; --                           ; --         ;
; MAX_CORE_JUNCTION_TEMP              ; 85                                    ; --               ; --                           ; --         ;
; MIN_CORE_JUNCTION_TEMP              ; 0                                     ; --               ; --                           ; --         ;
; PARTITION_COLOR                     ; 16764057                              ; --               ; AlvarezPajaro_singleCycleCPU ; Top        ;
; PARTITION_FITTER_PRESERVATION_LEVEL ; PLACEMENT_AND_ROUTING                 ; --               ; AlvarezPajaro_singleCycleCPU ; Top        ;
; PARTITION_NETLIST_TYPE              ; SOURCE                                ; --               ; AlvarezPajaro_singleCycleCPU ; Top        ;
; POWER_BOARD_THERMAL_MODEL           ; None (CONSERVATIVE)                   ; --               ; --                           ; --         ;
; POWER_PRESET_COOLING_SOLUTION       ; 23 MM HEAT SINK WITH 200 LFPM AIRFLOW ; --               ; --                           ; --         ;
; PROJECT_OUTPUT_DIRECTORY            ; output_files                          ; --               ; --                           ; --         ;
; TOP_LEVEL_ENTITY                    ; AlvarezPajaro_singleCycleCPU          ; single_cycle_CPU ; --                           ; --         ;
+-------------------------------------+---------------------------------------+------------------+------------------------------+------------+


+-------------------------------------------------------------------------------------------------------------------------------+
; Flow Elapsed Time                                                                                                             ;
+---------------------------+--------------+-------------------------+---------------------+------------------------------------+
; Module Name               ; Elapsed Time ; Average Processors Used ; Peak Virtual Memory ; Total CPU Time (on all processors) ;
+---------------------------+--------------+-------------------------+---------------------+------------------------------------+
; Analysis & Synthesis      ; 00:01:54     ; 1.0                     ; 647 MB              ; 00:01:52                           ;
; Fitter                    ; 00:23:15     ; 1.0                     ; 788 MB              ; 00:23:04                           ;
; Assembler                 ; 00:00:10     ; 1.0                     ; 458 MB              ; 00:00:10                           ;
; TimeQuest Timing Analyzer ; 00:01:12     ; 1.0                     ; 665 MB              ; 00:01:12                           ;
; Total                     ; 00:26:31     ; --                      ; --                  ; 00:26:18                           ;
+---------------------------+--------------+-------------------------+---------------------+------------------------------------+


+----------------------------------------------------------------------------------------+
; Flow OS Summary                                                                        ;
+---------------------------+------------------+-----------+------------+----------------+
; Module Name               ; Machine Hostname ; OS Name   ; OS Version ; Processor type ;
+---------------------------+------------------+-----------+------------+----------------+
; Analysis & Synthesis      ; DESKTOP-I61DO00  ; Windows 7 ; 6.2        ; x86_64         ;
; Fitter                    ; DESKTOP-I61DO00  ; Windows 7 ; 6.2        ; x86_64         ;
; Assembler                 ; DESKTOP-I61DO00  ; Windows 7 ; 6.2        ; x86_64         ;
; TimeQuest Timing Analyzer ; DESKTOP-I61DO00  ; Windows 7 ; 6.2        ; x86_64         ;
+---------------------------+------------------+-----------+------------+----------------+


------------
; Flow Log ;
------------
quartus_map --read_settings_files=on --write_settings_files=off single_cycle_CPU -c single_cycle_CPU
quartus_fit --read_settings_files=off --write_settings_files=off single_cycle_CPU -c single_cycle_CPU
quartus_asm --read_settings_files=off --write_settings_files=off single_cycle_CPU -c single_cycle_CPU
quartus_sta single_cycle_CPU -c single_cycle_CPU



